<?xml version="1.0" encoding="UTF-8"?>
<!-- Generated by org.testng.reporters.JUnitXMLReporter -->
<testsuite hostname="DESKTOP-TA6EE9O" ignored="0" name="Default test" tests="1" failures="1" timestamp="16 May 2020 06:17:21 GMT" time="0.681" errors="0">
  <testcase name="runScenario" time="0.246" classname="io.cucumber.testng.AbstractTestNGCucumberTests">
    <failure type="io.cucumber.datatable.UndefinedDataTableTypeException" message="Can&amp;apos;t convert DataTable to List&amp;lt;com.udemy.typereg.User&amp;gt;.
Please review these problems:

 - There was no table entry or table row transformer registered for com.udemy.typereg.User.
   Please consider registering a table entry or row transformer.

 - There was no default table entry transformer registered to transform com.udemy.typereg.User.
   Please consider registering a default table entry transformer.

Note: Usually solving one is enough">
      <![CDATA[io.cucumber.datatable.UndefinedDataTableTypeException: Can't convert DataTable to List<com.udemy.typereg.User>.
Please review these problems:

 - There was no table entry or table row transformer registered for com.udemy.typereg.User.
   Please consider registering a table entry or row transformer.

 - There was no default table entry transformer registered to transform com.udemy.typereg.User.
   Please consider registering a default table entry transformer.

Note: Usually solving one is enough
at io.cucumber.datatable.UndefinedDataTableTypeException.listNoConverterDefined(UndefinedDataTableTypeException.java:110)
at io.cucumber.datatable.DataTableTypeRegistryTableConverter.toList(DataTableTypeRegistryTableConverter.java:136)
at io.cucumber.datatable.DataTable.asList(DataTable.java:181)
at com.udemy.typereg.TypeStepDefn.i_Login_With_different_Ids(TypeStepDefn.java:22)
at ✽.I Login With different Ids(file:///D:/Projects/JavaProjects/LearnCucumber/src/test/java/com/udemy/typereg/TypeRegis.feature:3)
]]>
    </failure>
  </testcase> <!-- runScenario -->
</testsuite> <!-- Default test -->
