-------------------------------------------------------------------------------
Test set: com.udemy.pageclasses.ZapposTestRunner2
-------------------------------------------------------------------------------
Tests run: 3, Failures: 1, Errors: 0, Skipped: 0, Time elapsed: 140.615 s <<< FAILURE! - in com.udemy.pageclasses.ZapposTestRunner2
com.udemy.pageclasses.ZapposTestRunner2.runScenario  Time elapsed: 40.319 s  <<< FAILURE!
java.lang.AssertionError: expected [https://www.zappo.com/] but found [https://www.zappos.com/]

