<?xml version="1.0" encoding="UTF-8"?>
<testng-results skipped="0" failed="0" ignored="0" total="1" passed="1">
  <reporter-output>
  </reporter-output>
  <suite name="Surefire suite" duration-ms="42695" started-at="2020-05-17T06:43:32Z" finished-at="2020-05-17T06:44:15Z">
    <groups>
      <group name="cucumber">
        <method signature="AbstractTestNGCucumberTests.runScenario(io.cucumber.testng.PickleWrapper, io.cucumber.testng.FeatureWrapper)[pri:0, instance:com.udemy.pageclasses.ZapposTestRunner@4501b7af]" name="runScenario" class="io.cucumber.testng.AbstractTestNGCucumberTests"/>
      </group> <!-- cucumber -->
    </groups>
    <test name="Surefire test" duration-ms="42695" started-at="2020-05-17T06:43:32Z" finished-at="2020-05-17T06:44:15Z">
      <class name="com.udemy.pageclasses.ZapposTestRunner">
        <test-method status="PASS" signature="setUpClass()[pri:0, instance:com.udemy.pageclasses.ZapposTestRunner@4501b7af]" name="setUpClass" is-config="true" duration-ms="713" started-at="2020-05-17T06:43:32Z" finished-at="2020-05-17T06:43:33Z">
          <reporter-output>
          </reporter-output>
        </test-method> <!-- setUpClass -->
        <test-method status="PASS" signature="runScenario(io.cucumber.testng.PickleWrapper, io.cucumber.testng.FeatureWrapper)[pri:0, instance:com.udemy.pageclasses.ZapposTestRunner@4501b7af]" name="runScenario" duration-ms="41666" started-at="2020-05-17T06:43:33Z" description="Runs Cucumber Scenarios" data-provider="scenarios" finished-at="2020-05-17T06:44:15Z">
          <params>
            <param index="0">
              <value>
                <![CDATA["Another Product Search"]]>
              </value>
            </param>
            <param index="1">
              <value>
                <![CDATA["Zappos feature"]]>
              </value>
            </param>
          </params>
          <reporter-output>
          </reporter-output>
        </test-method> <!-- runScenario -->
        <test-method status="PASS" signature="tearDownClass()[pri:0, instance:com.udemy.pageclasses.ZapposTestRunner@4501b7af]" name="tearDownClass" is-config="true" duration-ms="254" started-at="2020-05-17T06:44:15Z" finished-at="2020-05-17T06:44:15Z">
          <reporter-output>
          </reporter-output>
        </test-method> <!-- tearDownClass -->
      </class> <!-- com.udemy.pageclasses.ZapposTestRunner -->
    </test> <!-- Surefire test -->
  </suite> <!-- Surefire suite -->
</testng-results>
