<?xml version="1.0" encoding="UTF-8"?>
<testsuite xmlns:xsi="http://www.w3.org/2001/XMLSchema-instance" xsi:noNamespaceSchemaLocation="https://maven.apache.org/surefire/maven-surefire-plugin/xsd/surefire-test-report-3.0.xsd" version="3.0" name="com.udemy.pageclasses.ZapposTestRunner2" time="140.615" tests="3" errors="0" skipped="0" failures="1">
  <properties>
[...]
</properties>
  <testcase name="runScenario" classname="com.udemy.pageclasses.ZapposTestRunner2" time="40.319">
    <failure message="expected [https://www.zappo.com/] but found [https://www.zappos.com/]" type="java.lang.AssertionError"><![CDATA[java.lang.AssertionError: expected [https://www.zappo.com/] but found [https://www.zappos.com/]
]]></failure>
    <system-out><![CDATA[
Scenario: Product Search                                        # src/test/java/com/udemy/pageclasses/zappostest.feature:3
/D:/Projects/JavaProjects/LearnCucumber/target/test-classes/
/D:/Projects/JavaProjects/LearnCucumber/target/test-classes/
Driver Service from Hook-1685407532
Hook before method without Tagging
  Given User landed at HomePage                                 # com.udemy.pageclasses.ZapposStepDefn.user_landed_at_HomePage()
  When User Clicked on Sigin and Navigate to Login Page         # com.udemy.pageclasses.ZapposStepDefn.user_Clicked_on_Sigin_and_Navigate_to_Login_Page()
      java.lang.AssertionError: expected [https://www.zappo.com/] but found [https://www.zappos.com/]
	at org.testng.Assert.fail(Assert.java:96)
	at org.testng.Assert.failNotEquals(Assert.java:776)
	at org.testng.Assert.assertEqualsImpl(Assert.java:137)
	at org.testng.Assert.assertEquals(Assert.java:118)
	at org.testng.Assert.assertEquals(Assert.java:453)
	at org.testng.Assert.assertEquals(Assert.java:463)
	at com.udemy.pageclasses.ZapposStepDefn.user_Clicked_on_Sigin_and_Navigate_to_Login_Page(ZapposStepDefn.java:52)
	at ?.User Clicked on Sigin and Navigate to Login Page(file:///D:/Projects/JavaProjects/LearnCucumber/src/test/java/com/udemy/pageclasses/zappostest.feature:5)

  And User provide credentials and Navigate to User Search Page # com.udemy.pageclasses.ZapposStepDefn.user_provide_credentials_and_Navigate_to_User_Search_Page()
  And User Search Product "Shoe"                                # com.udemy.pageclasses.ZapposStepDefn.user_Search_Product(java.lang.String)
  Then Product Search result should be displayed                # com.udemy.pageclasses.ZapposStepDefn.product_Search_result_should_be_displayed()

    Embedding Test Attach screenshot [image/png 1088867 bytes]

Hook after method
]]></system-out>
    <system-err><![CDATA[May 17, 2020 11:18:04 AM io.cucumber.testng.TestNGCucumberRunner <init>
WARNING: By default Cucumber is running in --non-strict mode.
This default will change to --strict and --non-strict will be removed.
You can use --strict or @CucumberOptions(strict = true) to suppress this warning
Starting ChromeDriver 81.0.4044.138 (8c6c7ba89cc9453625af54f11fd83179e23450fa-refs/branch-heads/4044@{#999}) on port 9078
Only local connections are allowed.
Please protect ports used by ChromeDriver and related test frameworks to prevent access by malicious code.
May 17, 2020 11:18:19 AM org.openqa.selenium.remote.ProtocolHandshake createSession
INFO: Detected dialect: W3C
[1589694502.528][SEVERE]: Timed out receiving message from renderer: 0.100
[1589694502.793][SEVERE]: Timed out receiving message from renderer: 0.100
[1589694502.949][SEVERE]: Timed out receiving message from renderer: 0.100
[1589694503.112][SEVERE]: Timed out receiving message from renderer: 0.100
[1589694503.300][SEVERE]: Timed out receiving message from renderer: 0.100
[1589694503.472][SEVERE]: Timed out receiving message from renderer: 0.100
[1589694503.765][SEVERE]: Timed out receiving message from renderer: 0.100
[1589694503.967][SEVERE]: Timed out receiving message from renderer: 0.100
[1589694504.183][SEVERE]: Timed out receiving message from renderer: 0.100
[1589694504.369][SEVERE]: Timed out receiving message from renderer: 0.100
[1589694504.600][SEVERE]: Timed out receiving message from renderer: 0.100
[1589694504.916][SEVERE]: Timed out receiving message from renderer: 0.100
[1589694505.126][SEVERE]: Timed out receiving message from renderer: 0.100
[1589694505.259][SEVERE]: Timed out receiving message from renderer: 0.100
[1589694505.366][SEVERE]: Timed out receiving message from renderer: 0.100
[1589694505.571][SEVERE]: Timed out receiving message from renderer: 0.100
[1589694505.742][SEVERE]: Timed out receiving message from renderer: 0.100
[1589694505.848][SEVERE]: Timed out receiving message from renderer: 0.100
[1589694505.996][SEVERE]: Timed out receiving message from renderer: 0.100
[1589694507.850][SEVERE]: Timed out receiving message from renderer: 0.100
[1589694509.211][SEVERE]: Timed out receiving message from renderer: 0.100
[1589694510.813][SEVERE]: Timed out receiving message from renderer: 0.100
[1589694511.141][SEVERE]: Timed out receiving message from renderer: 0.100
[1589694511.408][SEVERE]: Timed out receiving message from renderer: 0.100
[1589694511.805][SEVERE]: Timed out receiving message from renderer: 0.100
[1589694512.162][SEVERE]: Timed out receiving message from renderer: 0.100
[1589694512.611][SEVERE]: Timed out receiving message from renderer: 0.100
[1589694513.167][SEVERE]: Timed out receiving message from renderer: 0.100
[1589694513.659][SEVERE]: Timed out receiving message from renderer: 0.100
[1589694513.968][SEVERE]: Timed out receiving message from renderer: 0.100
]]></system-err>
  </testcase>
  <testcase name="runScenario" classname="com.udemy.pageclasses.ZapposTestRunner2" time="60.652"/>
  <testcase name="runScenario" classname="com.udemy.pageclasses.ZapposTestRunner2" time="35.04"/>
</testsuite>