<?xml version="1.0" encoding="UTF-8"?>
<testng-results skipped="0" failed="1" ignored="0" total="1" passed="0">
  <reporter-output>
  </reporter-output>
  <suite name="Default suite" duration-ms="681" started-at="2020-05-16T06:17:20Z" finished-at="2020-05-16T06:17:21Z">
    <groups>
      <group name="cucumber">
        <method signature="AbstractTestNGCucumberTests.runScenario(io.cucumber.testng.PickleWrapper, io.cucumber.testng.FeatureWrapper)[pri:0, instance:com.udemy.typereg.TypeRunner@124c278f]" name="runScenario" class="io.cucumber.testng.AbstractTestNGCucumberTests"/>
      </group> <!-- cucumber -->
    </groups>
    <test name="Default test" duration-ms="681" started-at="2020-05-16T06:17:20Z" finished-at="2020-05-16T06:17:21Z">
      <class name="com.udemy.typereg.TypeRunner">
        <test-method status="PASS" signature="setUpClass()[pri:0, instance:com.udemy.typereg.TypeRunner@124c278f]" name="setUpClass" is-config="true" duration-ms="377" started-at="2020-05-16T06:17:20Z" finished-at="2020-05-16T06:17:20Z">
          <reporter-output>
          </reporter-output>
        </test-method> <!-- setUpClass -->
        <test-method status="FAIL" signature="runScenario(io.cucumber.testng.PickleWrapper, io.cucumber.testng.FeatureWrapper)[pri:0, instance:com.udemy.typereg.TypeRunner@124c278f]" name="runScenario" duration-ms="246" started-at="2020-05-16T06:17:20Z" description="Runs Cucumber Scenarios" data-provider="scenarios" finished-at="2020-05-16T06:17:21Z">
          <params>
            <param index="0">
              <value>
                <![CDATA["TypeRegister for user data"]]>
              </value>
            </param>
            <param index="1">
              <value>
                <![CDATA["TypeRegister check"]]>
              </value>
            </param>
          </params>
          <exception class="io.cucumber.datatable.UndefinedDataTableTypeException">
            <message>
              <![CDATA[Can't convert DataTable to List<com.udemy.typereg.User>.
Please review these problems:

 - There was no table entry or table row transformer registered for com.udemy.typereg.User.
   Please consider registering a table entry or row transformer.

 - There was no default table entry transformer registered to transform com.udemy.typereg.User.
   Please consider registering a default table entry transformer.

Note: Usually solving one is enough]]>
            </message>
            <full-stacktrace>
              <![CDATA[io.cucumber.datatable.UndefinedDataTableTypeException: Can't convert DataTable to List<com.udemy.typereg.User>.
Please review these problems:

 - There was no table entry or table row transformer registered for com.udemy.typereg.User.
   Please consider registering a table entry or row transformer.

 - There was no default table entry transformer registered to transform com.udemy.typereg.User.
   Please consider registering a default table entry transformer.

Note: Usually solving one is enough
at io.cucumber.datatable.UndefinedDataTableTypeException.listNoConverterDefined(UndefinedDataTableTypeException.java:110)
at io.cucumber.datatable.DataTableTypeRegistryTableConverter.toList(DataTableTypeRegistryTableConverter.java:136)
at io.cucumber.datatable.DataTable.asList(DataTable.java:181)
at com.udemy.typereg.TypeStepDefn.i_Login_With_different_Ids(TypeStepDefn.java:22)
at ✽.I Login With different Ids(file:///D:/Projects/JavaProjects/LearnCucumber/src/test/java/com/udemy/typereg/TypeRegis.feature:3)
]]>
            </full-stacktrace>
          </exception> <!-- io.cucumber.datatable.UndefinedDataTableTypeException -->
          <reporter-output>
          </reporter-output>
        </test-method> <!-- runScenario -->
        <test-method status="PASS" signature="tearDownClass()[pri:0, instance:com.udemy.typereg.TypeRunner@124c278f]" name="tearDownClass" is-config="true" duration-ms="18" started-at="2020-05-16T06:17:21Z" finished-at="2020-05-16T06:17:21Z">
          <reporter-output>
          </reporter-output>
        </test-method> <!-- tearDownClass -->
      </class> <!-- com.udemy.typereg.TypeRunner -->
    </test> <!-- Default test -->
  </suite> <!-- Default suite -->
</testng-results>
