<?xml version="1.0" encoding="UTF-8"?>
<!-- Generated by org.testng.reporters.JUnitReportReporter -->
<testsuite skipped="0" hostname="DESKTOP-TA6EE9O" name="com.udemy.typereg.TypeRunner" tests="1" failures="0" timestamp="16 May 2020 06:17:21 GMT" time="0.246" errors="1">
  <testcase name="runScenario" time="0.246" classname="com.udemy.typereg.TypeRunner">
    <error type="io.cucumber.datatable.UndefinedDataTableTypeException" message="Can&#039;t convert DataTable to List&lt;com.udemy.typereg.User&gt;.
Please review these problems:

 - There was no table entry or table row transformer registered for com.udemy.typereg.User.
   Please consider registering a table entry or row transformer.

 - There was no default table entry transformer registered to transform com.udemy.typereg.User.
   Please consider registering a default table entry transformer.

Note: Usually solving one is enough">
      <![CDATA[io.cucumber.datatable.UndefinedDataTableTypeException: Can't convert DataTable to List<com.udemy.typereg.User>.
Please review these problems:

 - There was no table entry or table row transformer registered for com.udemy.typereg.User.
   Please consider registering a table entry or row transformer.

 - There was no default table entry transformer registered to transform com.udemy.typereg.User.
   Please consider registering a default table entry transformer.

Note: Usually solving one is enough
at io.cucumber.datatable.UndefinedDataTableTypeException.listNoConverterDefined(UndefinedDataTableTypeException.java:110)
at io.cucumber.datatable.DataTableTypeRegistryTableConverter.toList(DataTableTypeRegistryTableConverter.java:136)
at io.cucumber.datatable.DataTable.asList(DataTable.java:181)
at com.udemy.typereg.TypeStepDefn.i_Login_With_different_Ids(TypeStepDefn.java:22)
at ✽.I Login With different Ids(file:///D:/Projects/JavaProjects/LearnCucumber/src/test/java/com/udemy/typereg/TypeRegis.feature:3)
]]>
    </error>
  </testcase> <!-- runScenario -->
</testsuite> <!-- com.udemy.typereg.TypeRunner -->
